# JRE version: Java(TM) SE Runtime Environment (8.0_65-b17) (build 1.8.0_65-b17)
# Java VM: Java HotSpot(TM) 64-Bit Server VM (25.65-b01 mixed mode windows-amd64 compressed oops)
Heap:
 PSYoungGen      total 2679808K, used 2679328K [0x0000000715d00000, 0x00000007bfd80000, 0x00000007c0000000)
  eden space 2624512K, 100% used [0x0000000715d00000,0x00000007b6000000,0x00000007b6000000)
  from space 55296K, 99% used [0x00000007b6000000,0x00000007b9588000,0x00000007b9600000)
  to   space 80384K, 68% used [0x00000007baf00000,0x00000007be478000,0x00000007bfd80000)
 ParOldGen       total 5070848K, used 4640222K [0x00000005c1600000, 0x00000006f6e00000, 0x0000000715d00000)
  object space 5070848K, 91% used [0x00000005c1600000,0x00000006dc977b78,0x00000006f6e00000)
 Metaspace       used 62292K, capacity 65616K, committed 65792K, reserved 1105920K
  class space    used 8108K, capacity 8699K, committed 8704K, reserved 1048576K
GC Heap History (10 events):
Event: 367.295 GC heap after
Heap after GC invocations=98 (full 9):
 PSYoungGen      total 2722816K, used 55488K [0x0000000715d00000, 0x00000007c0000000, 0x00000007c0000000)
  eden space 2659840K, 0% used [0x0000000715d00000,0x0000000715d00000,0x00000007b8280000)
  from space 62976K, 88% used [0x00000007b8280000,0x00000007bb8b0000,0x00000007bc000000)
  to   space 62464K, 0% used [0x00000007bc300000,0x00000007bc300000,0x00000007c0000000)
 ParOldGen       total 5070848K, used 3962597K [0x00000005c1600000, 0x00000006f6e00000, 0x0000000715d00000)
  object space 5070848K, 78% used [0x00000005c1600000,0x00000006b33b9550,0x00000006f6e00000)
 Metaspace       used 62291K, capacity 65616K, committed 65792K, reserved 1105920K
  class space    used 8108K, capacity 8699K, committed 8704K, reserved 1048576K
}
Event: 371.314 GC heap before
{Heap before GC invocations=99 (full 9):
 PSYoungGen      total 2722816K, used 2715328K [0x0000000715d00000, 0x00000007c0000000, 0x00000007c0000000)
  eden space 2659840K, 100% used [0x0000000715d00000,0x00000007b8280000,0x00000007b8280000)
  from space 62976K, 88% used [0x00000007b8280000,0x00000007bb8b0000,0x00000007bc000000)
  to   space 62464K, 0% used [0x00000007bc300000,0x00000007bc300000,0x00000007c0000000)
 ParOldGen       total 5070848K, used 3962597K [0x00000005c1600000, 0x00000006f6e00000, 0x0000000715d00000)
  object space 5070848K, 78% used [0x00000005c1600000,0x00000006b33b9550,0x00000006f6e00000)
 Metaspace       used 62292K, capacity 65616K, committed 65792K, reserved 1105920K
  class space    used 8108K, capacity 8699K, committed 8704K, reserved 1048576K
Event: 371.749 GC heap after
Heap after GC invocations=99 (full 9):
 PSYoungGen      total 2685952K, used 62464K [0x0000000715d00000, 0x00000007c0000000, 0x00000007c0000000)
  eden space 2623488K, 0% used [0x0000000715d00000,0x0000000715d00000,0x00000007b5f00000)
  from space 62464K, 100% used [0x00000007bc300000,0x00000007c0000000,0x00000007c0000000)
  to   space 82432K, 0% used [0x00000007b5f00000,0x00000007b5f00000,0x00000007baf80000)
 ParOldGen       total 5070848K, used 4010973K [0x00000005c1600000, 0x00000006f6e00000, 0x0000000715d00000)
  object space 5070848K, 79% used [0x00000005c1600000,0x00000006b62f7550,0x00000006f6e00000)
 Metaspace       used 62292K, capacity 65616K, committed 65792K, reserved 1105920K
  class space    used 8108K, capacity 8699K, committed 8704K, reserved 1048576K
}
Event: 375.708 GC heap before
{Heap before GC invocations=100 (full 9):
 PSYoungGen      total 2685952K, used 2685952K [0x0000000715d00000, 0x00000007c0000000, 0x00000007c0000000)
  eden space 2623488K, 100% used [0x0000000715d00000,0x00000007b5f00000,0x00000007b5f00000)
  from space 62464K, 100% used [0x00000007bc300000,0x00000007c0000000,0x00000007c0000000)
  to   space 82432K, 0% used [0x00000007b5f00000,0x00000007b5f00000,0x00000007baf80000)
 ParOldGen       total 5070848K, used 4010973K [0x00000005c1600000, 0x00000006f6e00000, 0x0000000715d00000)
  object space 5070848K, 79% used [0x00000005c1600000,0x00000006b62f7550,0x00000006f6e00000)
 Metaspace       used 62292K, capacity 65616K, committed 65792K, reserved 1105920K
  class space    used 8108K, capacity 8699K, committed 8704K, reserved 1048576K
Event: 376.125 GC heap after
Heap after GC invocations=100 (full 9):
 PSYoungGen      total 2705920K, used 54752K [0x0000000715d00000, 0x00000007c0000000, 0x00000007c0000000)
  eden space 2623488K, 0% used [0x0000000715d00000,0x0000000715d00000,0x00000007b5f00000)
  from space 82432K, 66% used [0x00000007b5f00000,0x00000007b9478000,0x00000007baf80000)
  to   space 81408K, 0% used [0x00000007bb080000,0x00000007bb080000,0x00000007c0000000)
 ParOldGen       total 5070848K, used 4073629K [0x00000005c1600000, 0x00000006f6e00000, 0x0000000715d00000)
  object space 5070848K, 80% used [0x00000005c1600000,0x00000006ba027550,0x00000006f6e00000)
 Metaspace       used 62292K, capacity 65616K, committed 65792K, reserved 1105920K
  class space    used 8108K, capacity 8699K, committed 8704K, reserved 1048576K
}
Event: 379.539 GC heap before
{Heap before GC invocations=101 (full 9):
 PSYoungGen      total 2705920K, used 2678240K [0x0000000715d00000, 0x00000007c0000000, 0x00000007c0000000)
  eden space 2623488K, 100% used [0x0000000715d00000,0x00000007b5f00000,0x00000007b5f00000)
  from space 82432K, 66% used [0x00000007b5f00000,0x00000007b9478000,0x00000007baf80000)
  to   space 81408K, 0% used [0x00000007bb080000,0x00000007bb080000,0x00000007c0000000)
 ParOldGen       total 5070848K, used 4073629K [0x00000005c1600000, 0x00000006f6e00000, 0x0000000715d00000)
  object space 5070848K, 80% used [0x00000005c1600000,0x00000006ba027550,0x00000006f6e00000)
 Metaspace       used 62292K, capacity 65616K, committed 65792K, reserved 1105920K
  class space    used 8108K, capacity 8699K, committed 8704K, reserved 1048576K
Event: 380.092 GC heap after
Heap after GC invocations=101 (full 9):
 PSYoungGen      total 2705920K, used 46272K [0x0000000715d00000, 0x00000007c0000000, 0x00000007c0000000)
  eden space 2624512K, 0% used [0x0000000715d00000,0x0000000715d00000,0x00000007b6000000)
  from space 81408K, 56% used [0x00000007bb080000,0x00000007bddb0000,0x00000007c0000000)
  to   space 81920K, 0% used [0x00000007b6000000,0x00000007b6000000,0x00000007bb000000)
 ParOldGen       total 5070848K, used 4539103K [0x00000005c1600000, 0x00000006f6e00000, 0x0000000715d00000)
  object space 5070848K, 89% used [0x00000005c1600000,0x00000006d66b7cd8,0x00000006f6e00000)
 Metaspace       used 62292K, capacity 65616K, committed 65792K, reserved 1105920K
  class space    used 8108K, capacity 8699K, committed 8704K, reserved 1048576K
}
Event: 384.080 GC heap before
{Heap before GC invocations=102 (full 9):
 PSYoungGen      total 2705920K, used 2670784K [0x0000000715d00000, 0x00000007c0000000, 0x00000007c0000000)
  eden space 2624512K, 100% used [0x0000000715d00000,0x00000007b6000000,0x00000007b6000000)
  from space 81408K, 56% used [0x00000007bb080000,0x00000007bddb0000,0x00000007c0000000)
  to   space 81920K, 0% used [0x00000007b6000000,0x00000007b6000000,0x00000007bb000000)
 ParOldGen       total 5070848K, used 4539103K [0x00000005c1600000, 0x00000006f6e00000, 0x0000000715d00000)
  object space 5070848K, 89% used [0x00000005c1600000,0x00000006d66b7cd8,0x00000006f6e00000)
 Metaspace       used 62292K, capacity 65616K, committed 65792K, reserved 1105920K
  class space    used 8108K, capacity 8699K, committed 8704K, reserved 1048576K
Event: 384.485 GC heap after
Heap after GC invocations=102 (full 9):
 PSYoungGen      total 2679808K, used 54816K [0x0000000715d00000, 0x00000007bfd80000, 0x00000007c0000000)
  eden space 2624512K, 0% used [0x0000000715d00000,0x0000000715d00000,0x00000007b6000000)
  from space 55296K, 99% used [0x00000007b6000000,0x00000007b9588000,0x00000007b9600000)
  to   space 80384K, 0% used [0x00000007baf00000,0x00000007baf00000,0x00000007bfd80000)
 ParOldGen       total 5070848K, used 4585430K [0x00000005c1600000, 0x00000006f6e00000, 0x0000000715d00000)
  object space 5070848K, 90% used [0x00000005c1600000,0x00000006d93f5b78,0x00000006f6e00000)
 Metaspace       used 62292K, capacity 65616K, committed 65792K, reserved 1105920K
  class space    used 8108K, capacity 8699K, committed 8704K, reserved 1048576K
}
Event: 388.436 GC heap before
{Heap before GC invocations=103 (full 9):
 PSYoungGen      total 2679808K, used 2679328K [0x0000000715d00000, 0x00000007bfd80000, 0x00000007c0000000)
  eden space 2624512K, 100% used [0x0000000715d00000,0x00000007b6000000,0x00000007b6000000)
  from space 55296K, 99% used [0x00000007b6000000,0x00000007b9588000,0x00000007b9600000)
  to   space 80384K, 0% used [0x00000007baf00000,0x00000007baf00000,0x00000007bfd80000)
 ParOldGen       total 5070848K, used 4585430K [0x00000005c1600000, 0x00000006f6e00000, 0x0000000715d00000)
  object space 5070848K, 90% used [0x00000005c1600000,0x00000006d93f5b78,0x00000006f6e00000)
 Metaspace       used 62292K, capacity 65616K, committed 65792K, reserved 1105920K
  class space    used 8108K, capacity 8699K, committed 8704K, reserved 1048576K

